d:\miao\school\sdu\2023\coding\newnewnewnewnew_sm4_avx2\x64\release\call.obj
d:\miao\school\sdu\2023\coding\newnewnewnewnew_sm4_avx2\x64\release\ctr+.obj
d:\miao\school\sdu\2023\coding\newnewnewnewnew_sm4_avx2\x64\release\ctr.obj
d:\miao\school\sdu\2023\coding\newnewnewnewnew_sm4_avx2\x64\release\gcm+.obj
d:\miao\school\sdu\2023\coding\newnewnewnewnew_sm4_avx2\x64\release\gcm.obj
d:\miao\school\sdu\2023\coding\newnewnewnewnew_sm4_avx2\x64\release\sm4+.obj
d:\miao\school\sdu\2023\coding\newnewnewnewnew_sm4_avx2\x64\release\sm4.obj
d:\miao\school\sdu\2023\coding\newnewnewnewnew_sm4_avx2\x64\release\test.obj
c:\users\11593\appdata\local\temp\lnk{79ecaac1-b8de-4cd7-860d-5db5668d7c37}.tmp
d:\miao\school\sdu\2023\coding\newnewnewnewnew_sm4_avx2\x64\release\newnewnewnewnew_sm4_avx2.exe
d:\miao\school\sdu\2023\coding\newnewnewnewnew_sm4_avx2\x64\release\newnewnewnewnew_sm4_avx2.pdb
d:\miao\school\sdu\2023\coding\newnewnewnewnew_sm4_avx2\x64\release\newnewne.9268a8e3.tlog\icl-mcpcom.read.1.tlog
d:\miao\school\sdu\2023\coding\newnewnewnewnew_sm4_avx2\x64\release\newnewne.9268a8e3.tlog\icl-mcpcom.write.1.tlog
d:\miao\school\sdu\2023\coding\newnewnewnewnew_sm4_avx2\x64\release\newnewne.9268a8e3.tlog\icl.command.1.tlog
d:\miao\school\sdu\2023\coding\newnewnewnewnew_sm4_avx2\x64\release\newnewne.9268a8e3.tlog\icl.read.1.tlog
d:\miao\school\sdu\2023\coding\newnewnewnewnew_sm4_avx2\x64\release\newnewne.9268a8e3.tlog\icl.write.1.tlog
d:\miao\school\sdu\2023\coding\newnewnewnewnew_sm4_avx2\x64\release\newnewne.9268a8e3.tlog\xilink-link-cvtres.read.1.tlog
d:\miao\school\sdu\2023\coding\newnewnewnewnew_sm4_avx2\x64\release\newnewne.9268a8e3.tlog\xilink-link-cvtres.write.1.tlog
d:\miao\school\sdu\2023\coding\newnewnewnewnew_sm4_avx2\x64\release\newnewne.9268a8e3.tlog\xilink-link-rc.read.1.tlog
d:\miao\school\sdu\2023\coding\newnewnewnewnew_sm4_avx2\x64\release\newnewne.9268a8e3.tlog\xilink-link-rc.write.1.tlog
d:\miao\school\sdu\2023\coding\newnewnewnewnew_sm4_avx2\x64\release\newnewne.9268a8e3.tlog\xilink-link.read.1.tlog
d:\miao\school\sdu\2023\coding\newnewnewnewnew_sm4_avx2\x64\release\newnewne.9268a8e3.tlog\xilink-link.write.1.tlog
d:\miao\school\sdu\2023\coding\newnewnewnewnew_sm4_avx2\x64\release\newnewne.9268a8e3.tlog\xilink-mcpcom.read.1.tlog
d:\miao\school\sdu\2023\coding\newnewnewnewnew_sm4_avx2\x64\release\newnewne.9268a8e3.tlog\xilink-mcpcom.write.1.tlog
d:\miao\school\sdu\2023\coding\newnewnewnewnew_sm4_avx2\x64\release\newnewne.9268a8e3.tlog\xilink.command.1.tlog
d:\miao\school\sdu\2023\coding\newnewnewnewnew_sm4_avx2\x64\release\newnewne.9268a8e3.tlog\xilink.read.1.tlog
d:\miao\school\sdu\2023\coding\newnewnewnewnew_sm4_avx2\x64\release\newnewne.9268a8e3.tlog\xilink.write.1.tlog
